0 info it worked if it ends with ok
1 verbose cli [ '/usr/bin/nodejs',
1 verbose cli   '/usr/bin/npm',
1 verbose cli   'install',
1 verbose cli   'pigpio',
1 verbose cli   '--save',
1 verbose cli   '--save-exact' ]
2 info using npm@3.5.2
3 info using node@v4.2.6
4 silly loadCurrentTree Starting
5 silly install loadCurrentTree
6 silly install readLocalPackageData
7 silly fetchPackageMetaData pigpio
8 silly fetchNamedPackageData pigpio
9 silly mapToRegistry name pigpio
10 silly mapToRegistry using default registry
11 silly mapToRegistry registry https://registry.npmjs.org/
12 silly mapToRegistry uri https://registry.npmjs.org/pigpio
13 verbose request uri https://registry.npmjs.org/pigpio
14 verbose request no auth needed
15 info attempt registry request try #1 at 17:25:30
16 verbose request id 2624f9d4c580dbd7
17 http request GET https://registry.npmjs.org/pigpio
18 http 200 https://registry.npmjs.org/pigpio
19 verbose headers { server: 'nginx/1.10.1',
19 verbose headers   'content-type': 'application/json',
19 verbose headers   'last-modified': 'Sat, 10 Jun 2017 04:11:46 GMT',
19 verbose headers   etag: 'W/"593b7182-8ac3"',
19 verbose headers   'content-encoding': 'gzip',
19 verbose headers   'cache-control': 'max-age=300',
19 verbose headers   'content-length': '6312',
19 verbose headers   'accept-ranges': 'bytes',
19 verbose headers   date: 'Sun, 25 Jun 2017 15:25:31 GMT',
19 verbose headers   via: '1.1 varnish',
19 verbose headers   age: '0',
19 verbose headers   connection: 'keep-alive',
19 verbose headers   'x-served-by': 'cache-hhn1537-HHN',
19 verbose headers   'x-cache': 'MISS',
19 verbose headers   'x-cache-hits': '0',
19 verbose headers   'x-timer': 'S1498404331.771432,VS0,VE827',
19 verbose headers   vary: 'Accept-Encoding' }
20 silly get cb [ 200,
20 silly get   { server: 'nginx/1.10.1',
20 silly get     'content-type': 'application/json',
20 silly get     'last-modified': 'Sat, 10 Jun 2017 04:11:46 GMT',
20 silly get     etag: 'W/"593b7182-8ac3"',
20 silly get     'content-encoding': 'gzip',
20 silly get     'cache-control': 'max-age=300',
20 silly get     'content-length': '6312',
20 silly get     'accept-ranges': 'bytes',
20 silly get     date: 'Sun, 25 Jun 2017 15:25:31 GMT',
20 silly get     via: '1.1 varnish',
20 silly get     age: '0',
20 silly get     connection: 'keep-alive',
20 silly get     'x-served-by': 'cache-hhn1537-HHN',
20 silly get     'x-cache': 'MISS',
20 silly get     'x-cache-hits': '0',
20 silly get     'x-timer': 'S1498404331.771432,VS0,VE827',
20 silly get     vary: 'Accept-Encoding' } ]
21 verbose get saving pigpio to /home/aliaz/.npm/registry.npmjs.org/pigpio/.cache.json
22 silly install normalizeTree
23 silly loadCurrentTree Finishing
24 silly loadIdealTree Starting
25 silly install loadIdealTree
26 silly cloneCurrentTree Starting
27 silly install cloneCurrentTreeToIdealTree
28 silly cloneCurrentTree Finishing
29 silly loadShrinkwrap Starting
30 silly install loadShrinkwrap
31 silly loadShrinkwrap Finishing
32 silly loadAllDepsIntoIdealTree Starting
33 silly install loadAllDepsIntoIdealTree
34 silly resolveWithNewModule pigpio@0.6.0 checking installable status
35 silly cache add args [ 'pigpio', null ]
36 verbose cache add spec pigpio
37 silly cache add parsed spec Result {
37 silly cache add   raw: 'pigpio',
37 silly cache add   scope: null,
37 silly cache add   name: 'pigpio',
37 silly cache add   rawSpec: '',
37 silly cache add   spec: 'latest',
37 silly cache add   type: 'tag' }
38 silly addNamed pigpio@latest
39 verbose addNamed "latest" is being treated as a dist-tag for pigpio
40 info addNameTag [ 'pigpio', 'latest' ]
41 silly mapToRegistry name pigpio
42 silly mapToRegistry using default registry
43 silly mapToRegistry registry https://registry.npmjs.org/
44 silly mapToRegistry uri https://registry.npmjs.org/pigpio
45 verbose addNameTag registry:https://registry.npmjs.org/pigpio not in flight; fetching
46 verbose get https://registry.npmjs.org/pigpio not expired, no request
47 silly addNameTag next cb for pigpio with tag latest
48 silly addNamed pigpio@0.6.0
49 verbose addNamed "0.6.0" is a plain semver version for pigpio
50 silly mapToRegistry name pigpio
51 silly mapToRegistry using default registry
52 silly mapToRegistry registry https://registry.npmjs.org/
53 silly mapToRegistry uri https://registry.npmjs.org/pigpio
54 verbose addRemoteTarball https://registry.npmjs.org/pigpio/-/pigpio-0.6.0.tgz not in flight; adding
55 verbose addRemoteTarball [ 'https://registry.npmjs.org/pigpio/-/pigpio-0.6.0.tgz',
55 verbose addRemoteTarball   '72fa7a3a3f74252c26580b6f8ee12fc598394978' ]
56 info retry fetch attempt 1 at 17:25:31
57 info attempt registry request try #1 at 17:25:31
58 http fetch GET https://registry.npmjs.org/pigpio/-/pigpio-0.6.0.tgz
59 http fetch 200 https://registry.npmjs.org/pigpio/-/pigpio-0.6.0.tgz
60 silly fetchAndShaCheck shasum 72fa7a3a3f74252c26580b6f8ee12fc598394978
61 verbose addTmpTarball /tmp/npm-7726-22d5870f/registry.npmjs.org/pigpio/-/pigpio-0.6.0.tgz not in flight; adding
62 verbose addTmpTarball already have metadata; skipping unpack for pigpio@0.6.0
63 silly cache afterAdd pigpio@0.6.0
64 verbose afterAdd /home/aliaz/.npm/pigpio/0.6.0/package/package.json not in flight; writing
65 verbose afterAdd /home/aliaz/.npm/pigpio/0.6.0/package/package.json written
66 silly fetchNamedPackageData bindings
67 silly mapToRegistry name bindings
68 silly mapToRegistry using default registry
69 silly mapToRegistry registry https://registry.npmjs.org/
70 silly mapToRegistry uri https://registry.npmjs.org/bindings
71 silly fetchNamedPackageData nan
72 silly mapToRegistry name nan
73 silly mapToRegistry using default registry
74 silly mapToRegistry registry https://registry.npmjs.org/
75 silly mapToRegistry uri https://registry.npmjs.org/nan
76 verbose request uri https://registry.npmjs.org/bindings
77 verbose request no auth needed
78 info attempt registry request try #1 at 17:25:32
79 http request GET https://registry.npmjs.org/bindings
80 verbose request uri https://registry.npmjs.org/nan
81 verbose request no auth needed
82 info attempt registry request try #1 at 17:25:32
83 http request GET https://registry.npmjs.org/nan
84 http 200 https://registry.npmjs.org/bindings
85 verbose headers { server: 'nginx/1.10.1',
85 verbose headers   'content-type': 'application/json',
85 verbose headers   'last-modified': 'Mon, 22 May 2017 20:52:41 GMT',
85 verbose headers   etag: 'W/"59234f99-46bf"',
85 verbose headers   'content-encoding': 'gzip',
85 verbose headers   'cache-control': 'max-age=300',
85 verbose headers   'content-length': '3502',
85 verbose headers   'accept-ranges': 'bytes',
85 verbose headers   date: 'Sun, 25 Jun 2017 15:25:32 GMT',
85 verbose headers   via: '1.1 varnish',
85 verbose headers   age: '51',
85 verbose headers   connection: 'keep-alive',
85 verbose headers   'x-served-by': 'cache-hhn1527-HHN',
85 verbose headers   'x-cache': 'HIT',
85 verbose headers   'x-cache-hits': '1',
85 verbose headers   'x-timer': 'S1498404333.562817,VS0,VE0',
85 verbose headers   vary: 'Accept-Encoding' }
86 silly get cb [ 200,
86 silly get   { server: 'nginx/1.10.1',
86 silly get     'content-type': 'application/json',
86 silly get     'last-modified': 'Mon, 22 May 2017 20:52:41 GMT',
86 silly get     etag: 'W/"59234f99-46bf"',
86 silly get     'content-encoding': 'gzip',
86 silly get     'cache-control': 'max-age=300',
86 silly get     'content-length': '3502',
86 silly get     'accept-ranges': 'bytes',
86 silly get     date: 'Sun, 25 Jun 2017 15:25:32 GMT',
86 silly get     via: '1.1 varnish',
86 silly get     age: '51',
86 silly get     connection: 'keep-alive',
86 silly get     'x-served-by': 'cache-hhn1527-HHN',
86 silly get     'x-cache': 'HIT',
86 silly get     'x-cache-hits': '1',
86 silly get     'x-timer': 'S1498404333.562817,VS0,VE0',
86 silly get     vary: 'Accept-Encoding' } ]
87 verbose get saving bindings to /home/aliaz/.npm/registry.npmjs.org/bindings/.cache.json
88 silly resolveWithNewModule bindings@1.2.1 checking installable status
89 silly cache add args [ 'bindings@~1.2.1', null ]
90 verbose cache add spec bindings@~1.2.1
91 silly cache add parsed spec Result {
91 silly cache add   raw: 'bindings@~1.2.1',
91 silly cache add   scope: null,
91 silly cache add   name: 'bindings',
91 silly cache add   rawSpec: '~1.2.1',
91 silly cache add   spec: '>=1.2.1 <1.3.0',
91 silly cache add   type: 'range' }
92 silly addNamed bindings@>=1.2.1 <1.3.0
93 verbose addNamed ">=1.2.1 <1.3.0" is a valid semver range for bindings
94 silly addNameRange { name: 'bindings', range: '>=1.2.1 <1.3.0', hasData: false }
95 silly mapToRegistry name bindings
96 silly mapToRegistry using default registry
97 silly mapToRegistry registry https://registry.npmjs.org/
98 silly mapToRegistry uri https://registry.npmjs.org/bindings
99 verbose addNameRange registry:https://registry.npmjs.org/bindings not in flight; fetching
100 verbose get https://registry.npmjs.org/bindings not expired, no request
101 silly addNameRange number 2 { name: 'bindings', range: '>=1.2.1 <1.3.0', hasData: true }
102 silly addNameRange versions [ 'bindings',
102 silly addNameRange   [ '0.0.1',
102 silly addNameRange     '0.1.0',
102 silly addNameRange     '0.1.1',
102 silly addNameRange     '0.2.0',
102 silly addNameRange     '0.2.1',
102 silly addNameRange     '0.2.2',
102 silly addNameRange     '0.2.3',
102 silly addNameRange     '0.2.4',
102 silly addNameRange     '0.3.0',
102 silly addNameRange     '0.4.0',
102 silly addNameRange     '1.0.0',
102 silly addNameRange     '1.1.0',
102 silly addNameRange     '1.1.1',
102 silly addNameRange     '1.2.0',
102 silly addNameRange     '1.2.1' ] ]
103 silly addNamed bindings@1.2.1
104 verbose addNamed "1.2.1" is a plain semver version for bindings
105 silly mapToRegistry name bindings
106 silly mapToRegistry using default registry
107 silly mapToRegistry registry https://registry.npmjs.org/
108 silly mapToRegistry uri https://registry.npmjs.org/bindings
109 verbose addRemoteTarball https://registry.npmjs.org/bindings/-/bindings-1.2.1.tgz not in flight; adding
110 verbose addRemoteTarball [ 'https://registry.npmjs.org/bindings/-/bindings-1.2.1.tgz',
110 verbose addRemoteTarball   '14ad6113812d2d37d72e67b4cacb4bb726505f11' ]
111 info retry fetch attempt 1 at 17:25:32
112 info attempt registry request try #1 at 17:25:32
113 http fetch GET https://registry.npmjs.org/bindings/-/bindings-1.2.1.tgz
114 http 200 https://registry.npmjs.org/nan
115 verbose headers { server: 'nginx/1.10.1',
115 verbose headers   'content-type': 'application/json',
115 verbose headers   'last-modified': 'Tue, 30 May 2017 23:09:03 GMT',
115 verbose headers   etag: 'W/"592dfb8f-1f9f8"',
115 verbose headers   'content-encoding': 'gzip',
115 verbose headers   'cache-control': 'max-age=300',
115 verbose headers   'content-length': '15239',
115 verbose headers   'accept-ranges': 'bytes',
115 verbose headers   date: 'Sun, 25 Jun 2017 15:25:32 GMT',
115 verbose headers   via: '1.1 varnish',
115 verbose headers   age: '47',
115 verbose headers   connection: 'keep-alive',
115 verbose headers   'x-served-by': 'cache-hhn1540-HHN',
115 verbose headers   'x-cache': 'HIT',
115 verbose headers   'x-cache-hits': '3',
115 verbose headers   'x-timer': 'S1498404333.580057,VS0,VE0',
115 verbose headers   vary: 'Accept-Encoding' }
116 silly get cb [ 200,
116 silly get   { server: 'nginx/1.10.1',
116 silly get     'content-type': 'application/json',
116 silly get     'last-modified': 'Tue, 30 May 2017 23:09:03 GMT',
116 silly get     etag: 'W/"592dfb8f-1f9f8"',
116 silly get     'content-encoding': 'gzip',
116 silly get     'cache-control': 'max-age=300',
116 silly get     'content-length': '15239',
116 silly get     'accept-ranges': 'bytes',
116 silly get     date: 'Sun, 25 Jun 2017 15:25:32 GMT',
116 silly get     via: '1.1 varnish',
116 silly get     age: '47',
116 silly get     connection: 'keep-alive',
116 silly get     'x-served-by': 'cache-hhn1540-HHN',
116 silly get     'x-cache': 'HIT',
116 silly get     'x-cache-hits': '3',
116 silly get     'x-timer': 'S1498404333.580057,VS0,VE0',
116 silly get     vary: 'Accept-Encoding' } ]
117 verbose get saving nan to /home/aliaz/.npm/registry.npmjs.org/nan/.cache.json
118 silly resolveWithNewModule nan@2.6.2 checking installable status
119 silly cache add args [ 'nan@~2.6.2', null ]
120 verbose cache add spec nan@~2.6.2
121 silly cache add parsed spec Result {
121 silly cache add   raw: 'nan@~2.6.2',
121 silly cache add   scope: null,
121 silly cache add   name: 'nan',
121 silly cache add   rawSpec: '~2.6.2',
121 silly cache add   spec: '>=2.6.2 <2.7.0',
121 silly cache add   type: 'range' }
122 silly addNamed nan@>=2.6.2 <2.7.0
123 verbose addNamed ">=2.6.2 <2.7.0" is a valid semver range for nan
124 silly addNameRange { name: 'nan', range: '>=2.6.2 <2.7.0', hasData: false }
125 silly mapToRegistry name nan
126 silly mapToRegistry using default registry
127 silly mapToRegistry registry https://registry.npmjs.org/
128 silly mapToRegistry uri https://registry.npmjs.org/nan
129 verbose addNameRange registry:https://registry.npmjs.org/nan not in flight; fetching
130 verbose get https://registry.npmjs.org/nan not expired, no request
131 silly addNameRange number 2 { name: 'nan', range: '>=2.6.2 <2.7.0', hasData: true }
132 silly addNameRange versions [ 'nan',
132 silly addNameRange   [ '0.3.0-wip',
132 silly addNameRange     '0.3.0-wip2',
132 silly addNameRange     '0.3.0',
132 silly addNameRange     '0.3.1',
132 silly addNameRange     '0.3.2',
132 silly addNameRange     '0.4.0',
132 silly addNameRange     '0.4.1',
132 silly addNameRange     '0.4.2',
132 silly addNameRange     '0.4.3',
132 silly addNameRange     '0.4.4',
132 silly addNameRange     '0.5.0',
132 silly addNameRange     '0.5.1',
132 silly addNameRange     '0.5.2',
132 silly addNameRange     '0.6.0',
132 silly addNameRange     '0.7.0',
132 silly addNameRange     '0.7.1',
132 silly addNameRange     '0.8.0',
132 silly addNameRange     '1.0.0',
132 silly addNameRange     '1.1.0',
132 silly addNameRange     '1.1.1',
132 silly addNameRange     '1.1.2',
132 silly addNameRange     '1.2.0',
132 silly addNameRange     '1.3.0',
132 silly addNameRange     '1.4.0',
132 silly addNameRange     '1.4.1',
132 silly addNameRange     '1.5.0',
132 silly addNameRange     '1.4.2',
132 silly addNameRange     '1.4.3',
132 silly addNameRange     '1.5.1',
132 silly addNameRange     '1.5.2',
132 silly addNameRange     '1.6.0',
132 silly addNameRange     '1.5.3',
132 silly addNameRange     '1.6.1',
132 silly addNameRange     '1.6.2',
132 silly addNameRange     '1.7.0',
132 silly addNameRange     '1.8.0',
132 silly addNameRange     '1.8.1',
132 silly addNameRange     '1.8.2',
132 silly addNameRange     '1.8.3',
132 silly addNameRange     '1.8.4',
132 silly addNameRange     '1.9.0',
132 silly addNameRange     '2.0.0',
132 silly addNameRange     '2.0.1',
132 silly addNameRange     '2.0.2',
132 silly addNameRange     '2.0.3',
132 silly addNameRange     '2.0.4',
132 silly addNameRange     '2.0.5',
132 silly addNameRange     '2.0.6',
132 silly addNameRange     '2.0.7',
132 silly addNameRange     '2.0.8',
132 silly addNameRange     '2.0.9',
132 silly addNameRange     '2.1.0',
132 silly addNameRange     '2.2.0',
132 silly addNameRange     '2.2.1',
132 silly addNameRange     '2.3.0',
132 silly addNameRange     '2.3.1',
132 silly addNameRange     '2.3.2',
132 silly addNameRange     '2.3.3',
132 silly addNameRange     '2.3.4',
132 silly addNameRange     '2.3.5',
132 silly addNameRange     '2.4.0',
132 silly addNameRange     '2.5.0',
132 silly addNameRange     '2.5.1',
132 silly addNameRange     '2.6.0',
132 silly addNameRange     '2.6.1',
132 silly addNameRange     '2.6.2' ] ]
133 silly addNamed nan@2.6.2
134 verbose addNamed "2.6.2" is a plain semver version for nan
135 silly mapToRegistry name nan
136 silly mapToRegistry using default registry
137 silly mapToRegistry registry https://registry.npmjs.org/
138 silly mapToRegistry uri https://registry.npmjs.org/nan
139 verbose addRemoteTarball https://registry.npmjs.org/nan/-/nan-2.6.2.tgz not in flight; adding
140 verbose addRemoteTarball [ 'https://registry.npmjs.org/nan/-/nan-2.6.2.tgz',
140 verbose addRemoteTarball   'e4ff34e6c95fdfb5aecc08de6596f43605a7db45' ]
141 info retry fetch attempt 1 at 17:25:32
142 info attempt registry request try #1 at 17:25:32
143 http fetch GET https://registry.npmjs.org/nan/-/nan-2.6.2.tgz
144 http fetch 200 https://registry.npmjs.org/bindings/-/bindings-1.2.1.tgz
145 silly fetchAndShaCheck shasum 14ad6113812d2d37d72e67b4cacb4bb726505f11
146 verbose addTmpTarball /tmp/npm-7726-22d5870f/registry.npmjs.org/bindings/-/bindings-1.2.1.tgz not in flight; adding
147 verbose addTmpTarball already have metadata; skipping unpack for bindings@1.2.1
148 silly cache afterAdd bindings@1.2.1
149 verbose afterAdd /home/aliaz/.npm/bindings/1.2.1/package/package.json not in flight; writing
150 verbose afterAdd /home/aliaz/.npm/bindings/1.2.1/package/package.json written
151 http fetch 200 https://registry.npmjs.org/nan/-/nan-2.6.2.tgz
152 silly fetchAndShaCheck shasum e4ff34e6c95fdfb5aecc08de6596f43605a7db45
153 verbose addTmpTarball /tmp/npm-7726-22d5870f/registry.npmjs.org/nan/-/nan-2.6.2.tgz not in flight; adding
154 verbose addTmpTarball already have metadata; skipping unpack for nan@2.6.2
155 silly cache afterAdd nan@2.6.2
156 verbose afterAdd /home/aliaz/.npm/nan/2.6.2/package/package.json not in flight; writing
157 verbose afterAdd /home/aliaz/.npm/nan/2.6.2/package/package.json written
158 silly loadAllDepsIntoIdealTree Finishing
159 silly idealTree:prePrune node_rgb_api@0.0.0
159 silly idealTree:prePrune ├── bindings@1.2.1
159 silly idealTree:prePrune ├── nan@2.6.2
159 silly idealTree:prePrune └── pigpio@0.6.0
160 silly loadIdealTree Finishing
161 silly currentTree node_rgb_api@0.0.0
162 silly idealTree node_rgb_api@0.0.0
162 silly idealTree ├── bindings@1.2.1
162 silly idealTree ├── nan@2.6.2
162 silly idealTree └── pigpio@0.6.0
163 silly generateActionsToTake Starting
164 silly install generateActionsToTake
165 silly generateActionsToTake Finishing
166 silly diffTrees action count 3
167 silly diffTrees add bindings@1.2.1
168 silly diffTrees add nan@2.6.2
169 silly diffTrees add pigpio@0.6.0
170 silly decomposeActions action count 24
171 silly decomposeActions fetch bindings@1.2.1
172 silly decomposeActions extract bindings@1.2.1
173 silly decomposeActions test bindings@1.2.1
174 silly decomposeActions preinstall bindings@1.2.1
175 silly decomposeActions build bindings@1.2.1
176 silly decomposeActions install bindings@1.2.1
177 silly decomposeActions postinstall bindings@1.2.1
178 silly decomposeActions finalize bindings@1.2.1
179 silly decomposeActions fetch nan@2.6.2
180 silly decomposeActions extract nan@2.6.2
181 silly decomposeActions test nan@2.6.2
182 silly decomposeActions preinstall nan@2.6.2
183 silly decomposeActions build nan@2.6.2
184 silly decomposeActions install nan@2.6.2
185 silly decomposeActions postinstall nan@2.6.2
186 silly decomposeActions finalize nan@2.6.2
187 silly decomposeActions fetch pigpio@0.6.0
188 silly decomposeActions extract pigpio@0.6.0
189 silly decomposeActions test pigpio@0.6.0
190 silly decomposeActions preinstall pigpio@0.6.0
191 silly decomposeActions build pigpio@0.6.0
192 silly decomposeActions install pigpio@0.6.0
193 silly decomposeActions postinstall pigpio@0.6.0
194 silly decomposeActions finalize pigpio@0.6.0
195 silly executeActions Starting
196 silly install executeActions
197 silly doSerial global-install 0
198 silly doParallel fetch 3
199 verbose lock using /home/aliaz/.npm/_locks/staging-58c717cd24eb0fb0.lock for /home/aliaz/raspi/rgb/node_modules/.staging
200 silly doParallel extract 3
201 silly extract bindings@1.2.1
202 silly extract nan@2.6.2
203 silly extract pigpio@0.6.0
204 verbose unbuild node_modules/.staging/bindings-8fdab18f
205 verbose unbuild node_modules/.staging/nan-1fce53b7
206 verbose unbuild node_modules/.staging/pigpio-47d64e5b
207 silly gentlyRm /home/aliaz/raspi/rgb/node_modules/.staging/bindings-8fdab18f is being purged from base /home/aliaz/raspi/rgb
208 verbose gentlyRm don't care about contents; nuking /home/aliaz/raspi/rgb/node_modules/.staging/bindings-8fdab18f
209 silly gentlyRm /home/aliaz/raspi/rgb/node_modules/.staging/nan-1fce53b7 is being purged from base /home/aliaz/raspi/rgb
210 verbose gentlyRm don't care about contents; nuking /home/aliaz/raspi/rgb/node_modules/.staging/nan-1fce53b7
211 silly gentlyRm /home/aliaz/raspi/rgb/node_modules/.staging/pigpio-47d64e5b is being purged from base /home/aliaz/raspi/rgb
212 verbose gentlyRm don't care about contents; nuking /home/aliaz/raspi/rgb/node_modules/.staging/pigpio-47d64e5b
213 verbose tar unpack /home/aliaz/.npm/bindings/1.2.1/package.tgz
214 verbose tar unpacking to /home/aliaz/raspi/rgb/node_modules/.staging/bindings-8fdab18f
215 silly gentlyRm /home/aliaz/raspi/rgb/node_modules/.staging/bindings-8fdab18f is being purged
216 verbose gentlyRm don't care about contents; nuking /home/aliaz/raspi/rgb/node_modules/.staging/bindings-8fdab18f
217 verbose tar unpack /home/aliaz/.npm/nan/2.6.2/package.tgz
218 verbose tar unpacking to /home/aliaz/raspi/rgb/node_modules/.staging/nan-1fce53b7
219 silly gentlyRm /home/aliaz/raspi/rgb/node_modules/.staging/nan-1fce53b7 is being purged
220 verbose gentlyRm don't care about contents; nuking /home/aliaz/raspi/rgb/node_modules/.staging/nan-1fce53b7
221 verbose tar unpack /home/aliaz/.npm/pigpio/0.6.0/package.tgz
222 verbose tar unpacking to /home/aliaz/raspi/rgb/node_modules/.staging/pigpio-47d64e5b
223 silly gentlyRm /home/aliaz/raspi/rgb/node_modules/.staging/pigpio-47d64e5b is being purged
224 verbose gentlyRm don't care about contents; nuking /home/aliaz/raspi/rgb/node_modules/.staging/pigpio-47d64e5b
225 silly gunzTarPerm modes [ '775', '664' ]
226 silly gunzTarPerm modes [ '775', '664' ]
227 silly gunzTarPerm modes [ '775', '664' ]
228 silly gunzTarPerm extractEntry package.json
229 silly gunzTarPerm modified mode [ 'package.json', 420, 436 ]
230 silly gunzTarPerm extractEntry package.json
231 silly gunzTarPerm extractEntry package.json
232 silly gunzTarPerm extractEntry README.md
233 silly gunzTarPerm modified mode [ 'README.md', 420, 436 ]
234 silly gunzTarPerm extractEntry bindings.js
235 silly gunzTarPerm modified mode [ 'bindings.js', 420, 436 ]
236 silly gunzTarPerm extractEntry README.md
237 silly gunzTarPerm extractEntry .npmignore
238 silly gunzTarPerm extractEntry README.md
239 silly gunzTarPerm extractEntry include_dirs.js
240 silly gunzTarPerm extractEntry nan_converters_43_inl.h
241 silly gunzTarPerm extractEntry LICENSE.md
242 silly gunzTarPerm extractEntry doc/new.md
243 silly gunzTarPerm extractEntry LICENSE
244 silly gunzTarPerm extractEntry pigpio.js
245 silly gunzTarPerm extractEntry doc/asyncworker.md
246 silly gunzTarPerm extractEntry History.md
247 silly gunzTarPerm extractEntry doc/callback.md
248 silly gunzTarPerm extractEntry doc/converters.md
249 silly gunzTarPerm extractEntry example/alert.js
250 silly gunzTarPerm extractEntry example/blinky.js
251 silly gunzTarPerm extractEntry doc/errors.md
252 silly gunzTarPerm extractEntry doc/json.md
253 silly gunzTarPerm extractEntry example/distance-hc-sr04.js
254 silly gunzTarPerm extractEntry example/gpio-info.js
255 silly gentlyRm /home/aliaz/raspi/rgb/node_modules/.staging/bindings-8fdab18f/node_modules is being purged
256 verbose gentlyRm don't care about contents; nuking /home/aliaz/raspi/rgb/node_modules/.staging/bindings-8fdab18f/node_modules
257 silly gunzTarPerm extractEntry doc/maybe_types.md
258 silly gunzTarPerm extractEntry doc/methods.md
259 silly gunzTarPerm extractEntry example/light-switch.js
260 silly gunzTarPerm extractEntry example/pulse-led.js
261 silly gunzTarPerm extractEntry doc/buffers.md
262 silly gunzTarPerm extractEntry doc/node_misc.md
263 silly gunzTarPerm extractEntry example/servo.js
264 silly gunzTarPerm extractEntry example/distance-hc-sr04.png
265 silly gunzTarPerm extractEntry doc/object_wrappers.md
266 silly gunzTarPerm extractEntry doc/persistent.md
267 silly gunzTarPerm extractEntry doc/scopes.md
268 silly gunzTarPerm extractEntry doc/script.md
269 silly gunzTarPerm extractEntry doc/string_bytes.md
270 silly gunzTarPerm extractEntry doc/v8_internals.md
271 silly gunzTarPerm extractEntry example/pigpio.png
272 silly gunzTarPerm extractEntry doc/v8_misc.md
273 silly gunzTarPerm extractEntry nan.h
274 silly gunzTarPerm extractEntry nan_callbacks.h
275 silly gunzTarPerm extractEntry nan_callbacks_12_inl.h
276 silly gunzTarPerm extractEntry nan_callbacks_pre_12_inl.h
277 silly gunzTarPerm extractEntry nan_converters.h
278 silly gunzTarPerm extractEntry nan_converters_pre_43_inl.h
279 silly gunzTarPerm extractEntry nan_implementation_12_inl.h
280 silly gunzTarPerm extractEntry nan_implementation_pre_12_inl.h
281 silly gunzTarPerm extractEntry nan_json.h
282 silly gunzTarPerm extractEntry nan_maybe_43_inl.h
283 silly gunzTarPerm extractEntry test/alert-pwm-measurement.js
284 silly gunzTarPerm extractEntry test/gpio-mode.js
285 silly gunzTarPerm extractEntry test/gpio-numbers.js
286 silly gunzTarPerm extractEntry test/hardware-revision.js
287 silly gunzTarPerm extractEntry nan_maybe_pre_43_inl.h
288 silly gunzTarPerm extractEntry nan_new.h
289 silly gunzTarPerm extractEntry test/do-nothing.js
290 silly gunzTarPerm extractEntry test/alert-trigger-pulse-measurement.js
291 silly gunzTarPerm extractEntry test/isr-performance.js
292 silly gunzTarPerm extractEntry test/isr-timeouts-2.js
293 silly gunzTarPerm extractEntry nan_object_wrap.h
294 silly gunzTarPerm extractEntry nan_persistent_12_inl.h
295 silly gunzTarPerm extractEntry test/isr-timeouts.js
296 silly gunzTarPerm extractEntry test/light-switch.js
297 silly gunzTarPerm extractEntry test/digital-write-performance.js
298 silly gunzTarPerm extractEntry nan_persistent_pre_12_inl.h
299 silly gunzTarPerm extractEntry nan_private.h
300 silly gunzTarPerm extractEntry test/notifier-leak-check.js
301 silly gunzTarPerm extractEntry test/digital-read-performance.js
302 silly gunzTarPerm extractEntry test/notifier-pwm.js
303 silly gunzTarPerm extractEntry nan_string_bytes.h
304 silly gunzTarPerm extractEntry nan_typedarray_contents.h
305 silly gunzTarPerm extractEntry test/servo-control.js
306 silly gunzTarPerm extractEntry nan_weak.h
307 silly gunzTarPerm extractEntry CHANGELOG.md
308 silly gunzTarPerm extractEntry test/notifier-stress.js
309 silly gunzTarPerm extractEntry test/blinky.js
310 silly gunzTarPerm extractEntry test/notifier.js
311 silly gunzTarPerm extractEntry test/blinky-pwm.js
312 silly gunzTarPerm extractEntry tools/package.json
313 silly gunzTarPerm extractEntry tools/README.md
314 silly gunzTarPerm extractEntry test/pull-up-down.js
315 silly gunzTarPerm extractEntry test/banked-leds.js
316 silly gunzTarPerm extractEntry test/pulse-led.js
317 silly gunzTarPerm extractEntry tools/1to2.js
318 silly gunzTarPerm extractEntry test/alert.js
319 silly gunzTarPerm extractEntry test/pwm.js
320 silly gunzTarPerm extractEntry test/isr-enable-disable.js
321 silly gunzTarPerm extractEntry test/trigger-led.js
322 silly gunzTarPerm extractEntry test/isr-multiple-sources.js
323 silly gunzTarPerm extractEntry test/run-tests
324 silly gunzTarPerm extractEntry test/c-interface/blinky.js
325 silly gunzTarPerm extractEntry test/c-interface/do-nothing.js
326 silly gunzTarPerm extractEntry test/c-interface/gpio-write-performance.js
327 silly gunzTarPerm extractEntry test/c-interface/irq-dynamic.js
328 silly gunzTarPerm extractEntry test/c-interface/irq-handle-2-inputs.js
329 silly gunzTarPerm extractEntry test/c-interface/irq-performance.js
330 silly gunzTarPerm extractEntry test/c-interface/irq-watch-unwatch.js
331 silly gunzTarPerm extractEntry test/c-interface/light-switch.js
332 silly gunzTarPerm extractEntry test/c-interface/pwm-pulse-10-leds.js
333 silly gunzTarPerm extractEntry test/c-interface/run-tests
334 silly gunzTarPerm extractEntry binding.gyp
335 silly gunzTarPerm extractEntry src/pigpio.cc
336 silly gunzTarPerm extractEntry doc/configuration.md
337 silly gunzTarPerm extractEntry doc/gpio.md
338 silly gunzTarPerm extractEntry doc/gpiobank.md
339 silly gunzTarPerm extractEntry doc/notifier.md
340 silly gentlyRm /home/aliaz/raspi/rgb/node_modules/.staging/nan-1fce53b7/node_modules is being purged
341 verbose gentlyRm don't care about contents; nuking /home/aliaz/raspi/rgb/node_modules/.staging/nan-1fce53b7/node_modules
342 silly gentlyRm /home/aliaz/raspi/rgb/node_modules/.staging/pigpio-47d64e5b/node_modules is being purged
343 verbose gentlyRm don't care about contents; nuking /home/aliaz/raspi/rgb/node_modules/.staging/pigpio-47d64e5b/node_modules
344 silly doParallel preinstall 3
345 silly preinstall bindings@1.2.1 /home/aliaz/raspi/rgb/node_modules/.staging/bindings-8fdab18f
346 info lifecycle bindings@1.2.1~preinstall: bindings@1.2.1
347 silly preinstall nan@2.6.2 /home/aliaz/raspi/rgb/node_modules/.staging/nan-1fce53b7
348 info lifecycle nan@2.6.2~preinstall: nan@2.6.2
349 silly preinstall pigpio@0.6.0 /home/aliaz/raspi/rgb/node_modules/.staging/pigpio-47d64e5b
350 info lifecycle pigpio@0.6.0~preinstall: pigpio@0.6.0
351 silly lifecycle bindings@1.2.1~preinstall: no script for preinstall, continuing
352 silly lifecycle nan@2.6.2~preinstall: no script for preinstall, continuing
353 silly lifecycle pigpio@0.6.0~preinstall: no script for preinstall, continuing
354 silly doReverseSerial remove 0
355 silly doSerial move 0
356 silly doSerial finalize 3
357 silly finalize /home/aliaz/raspi/rgb/node_modules/bindings
358 silly finalize /home/aliaz/raspi/rgb/node_modules/nan
359 silly finalize /home/aliaz/raspi/rgb/node_modules/pigpio
360 silly doSerial build 3
361 silly build bindings@1.2.1
362 info linkStuff bindings@1.2.1
363 silly linkStuff bindings@1.2.1 has /home/aliaz/raspi/rgb/node_modules as its parent node_modules
364 verbose linkBins bindings@1.2.1
365 verbose linkMans bindings@1.2.1
366 silly build nan@2.6.2
367 info linkStuff nan@2.6.2
368 silly linkStuff nan@2.6.2 has /home/aliaz/raspi/rgb/node_modules as its parent node_modules
369 verbose linkBins nan@2.6.2
370 verbose linkMans nan@2.6.2
371 silly build pigpio@0.6.0
372 info linkStuff pigpio@0.6.0
373 silly linkStuff pigpio@0.6.0 has /home/aliaz/raspi/rgb/node_modules as its parent node_modules
374 verbose linkBins pigpio@0.6.0
375 verbose linkMans pigpio@0.6.0
376 silly doSerial global-link 0
377 silly doParallel update-linked 0
378 silly doSerial install 3
379 silly install bindings@1.2.1 /home/aliaz/raspi/rgb/node_modules/.staging/bindings-8fdab18f
380 info lifecycle bindings@1.2.1~install: bindings@1.2.1
381 silly lifecycle bindings@1.2.1~install: no script for install, continuing
382 silly install nan@2.6.2 /home/aliaz/raspi/rgb/node_modules/.staging/nan-1fce53b7
383 info lifecycle nan@2.6.2~install: nan@2.6.2
384 silly lifecycle nan@2.6.2~install: no script for install, continuing
385 silly install pigpio@0.6.0 /home/aliaz/raspi/rgb/node_modules/.staging/pigpio-47d64e5b
386 info lifecycle pigpio@0.6.0~install: pigpio@0.6.0
387 verbose lifecycle pigpio@0.6.0~install: unsafe-perm in lifecycle true
388 verbose lifecycle pigpio@0.6.0~install: PATH: /usr/share/npm/bin/node-gyp-bin:/home/aliaz/raspi/rgb/node_modules/pigpio/node_modules/.bin:/home/aliaz/raspi/rgb/node_modules/.bin:/usr/local/sbin:/usr/local/bin:/usr/sbin:/usr/bin:/sbin:/bin:/usr/games:/usr/local/games:/snap/bin
389 verbose lifecycle pigpio@0.6.0~install: CWD: /home/aliaz/raspi/rgb/node_modules/pigpio
390 silly lifecycle pigpio@0.6.0~install: Args: [ '-c', 'node-gyp rebuild' ]
391 silly lifecycle pigpio@0.6.0~install: Returned: code: 1  signal: null
392 info lifecycle pigpio@0.6.0~install: Failed to exec install script
393 verbose unlock done using /home/aliaz/.npm/_locks/staging-58c717cd24eb0fb0.lock for /home/aliaz/raspi/rgb/node_modules/.staging
394 silly rollbackFailedOptional Starting
395 silly rollbackFailedOptional Finishing
396 silly runTopLevelLifecycles Starting
397 silly runTopLevelLifecycles Finishing
398 silly install printInstalled
399 warn node_rgb_api@0.0.0 No repository field.
400 verbose stack Error: pigpio@0.6.0 install: `node-gyp rebuild`
400 verbose stack Exit status 1
400 verbose stack     at EventEmitter.<anonymous> (/usr/share/npm/lib/utils/lifecycle.js:232:16)
400 verbose stack     at emitTwo (events.js:87:13)
400 verbose stack     at EventEmitter.emit (events.js:172:7)
400 verbose stack     at ChildProcess.<anonymous> (/usr/share/npm/lib/utils/spawn.js:24:14)
400 verbose stack     at emitTwo (events.js:87:13)
400 verbose stack     at ChildProcess.emit (events.js:172:7)
400 verbose stack     at maybeClose (internal/child_process.js:821:16)
400 verbose stack     at Process.ChildProcess._handle.onexit (internal/child_process.js:211:5)
401 verbose pkgid pigpio@0.6.0
402 verbose cwd /home/aliaz/raspi/rgb
403 error Linux 4.4.0-32-generic
404 error argv "/usr/bin/nodejs" "/usr/bin/npm" "install" "pigpio" "--save" "--save-exact"
405 error node v4.2.6
406 error npm  v3.5.2
407 error code ELIFECYCLE
408 error pigpio@0.6.0 install: `node-gyp rebuild`
408 error Exit status 1
409 error Failed at the pigpio@0.6.0 install script 'node-gyp rebuild'.
409 error Make sure you have the latest version of node.js and npm installed.
409 error If you do, this is most likely a problem with the pigpio package,
409 error not with npm itself.
409 error Tell the author that this fails on your system:
409 error     node-gyp rebuild
409 error You can get information on how to open an issue for this project with:
409 error     npm bugs pigpio
409 error Or if that isn't available, you can get their info via:
409 error     npm owner ls pigpio
409 error There is likely additional logging output above.
410 verbose exit [ 1, true ]
